-------------------------------------------------------------------------------
Test set: com.cloudboost.CloudObjectTest
-------------------------------------------------------------------------------
Tests run: 5, Failures: 2, Errors: 0, Skipped: 0, Time elapsed: 1.469 sec <<< FAILURE!
SaveData(com.cloudboost.CloudObjectTest)  Time elapsed: 1.24 sec  <<< FAILURE!
junit.framework.AssertionFailedError: Failed to save data
	at junit.framework.Assert.fail(Assert.java:47)
	at com.cloudboost.CloudObjectTest$1.done(CloudObjectTest.java:27)
	at com.cloudboost.CloudObject.save(CloudObject.java:196)
	at com.cloudboost.CloudObjectTest.SaveData(CloudObjectTest.java:20)
	at sun.reflect.NativeMethodAccessorImpl.invoke0(Native Method)
	at sun.reflect.NativeMethodAccessorImpl.invoke(NativeMethodAccessorImpl.java:57)
	at sun.reflect.DelegatingMethodAccessorImpl.invoke(DelegatingMethodAccessorImpl.java:43)
	at java.lang.reflect.Method.invoke(Method.java:606)
	at org.junit.runners.model.FrameworkMethod$1.runReflectiveCall(FrameworkMethod.java:44)
	at org.junit.internal.runners.model.ReflectiveCallable.run(ReflectiveCallable.java:15)
	at org.junit.runners.model.FrameworkMethod.invokeExplosively(FrameworkMethod.java:41)
	at org.junit.internal.runners.statements.InvokeMethod.evaluate(InvokeMethod.java:20)
	at org.junit.internal.runners.statements.FailOnTimeout$1.run(FailOnTimeout.java:28)
ShouldNotSaveDuplicateValue(com.cloudboost.CloudObjectTest)  Time elapsed: 0.022 sec  <<< FAILURE!
junit.framework.AssertionFailedError: Should save the data
	at junit.framework.Assert.fail(Assert.java:47)
	at com.cloudboost.CloudObjectTest$5.done(CloudObjectTest.java:119)
	at com.cloudboost.CloudObject.save(CloudObject.java:196)
	at com.cloudboost.CloudObjectTest.ShouldNotSaveDuplicateValue(CloudObjectTest.java:99)
	at sun.reflect.NativeMethodAccessorImpl.invoke0(Native Method)
	at sun.reflect.NativeMethodAccessorImpl.invoke(NativeMethodAccessorImpl.java:57)
	at sun.reflect.DelegatingMethodAccessorImpl.invoke(DelegatingMethodAccessorImpl.java:43)
	at java.lang.reflect.Method.invoke(Method.java:606)
	at org.junit.runners.model.FrameworkMethod$1.runReflectiveCall(FrameworkMethod.java:44)
	at org.junit.internal.runners.model.ReflectiveCallable.run(ReflectiveCallable.java:15)
	at org.junit.runners.model.FrameworkMethod.invokeExplosively(FrameworkMethod.java:41)
	at org.junit.internal.runners.statements.InvokeMethod.evaluate(InvokeMethod.java:20)
	at org.junit.internal.runners.statements.FailOnTimeout$1.run(FailOnTimeout.java:28)
