-------------------------------------------------------------------------------
Test set: io.cloudboost.CloudRoleTest
-------------------------------------------------------------------------------
Tests run: 1, Failures: 1, Errors: 0, Skipped: 0, Time elapsed: 2.025 sec <<< FAILURE!
createRole(io.cloudboost.CloudRoleTest)  Time elapsed: 2.022 sec  <<< FAILURE!
junit.framework.AssertionFailedError: No Table found.
	at junit.framework.Assert.fail(Assert.java:47)
	at io.cloudboost.CloudRoleTest$1.done(CloudRoleTest.java:25)
	at io.cloudboost.CloudRole.save(CloudRole.java:85)
	at io.cloudboost.CloudRoleTest.createRole(CloudRoleTest.java:20)
	at sun.reflect.NativeMethodAccessorImpl.invoke0(Native Method)
	at sun.reflect.NativeMethodAccessorImpl.invoke(NativeMethodAccessorImpl.java:62)
	at sun.reflect.DelegatingMethodAccessorImpl.invoke(DelegatingMethodAccessorImpl.java:43)
	at java.lang.reflect.Method.invoke(Method.java:497)
	at org.junit.runners.model.FrameworkMethod$1.runReflectiveCall(FrameworkMethod.java:44)
	at org.junit.internal.runners.model.ReflectiveCallable.run(ReflectiveCallable.java:15)
	at org.junit.runners.model.FrameworkMethod.invokeExplosively(FrameworkMethod.java:41)
	at org.junit.internal.runners.statements.InvokeMethod.evaluate(InvokeMethod.java:20)
	at org.junit.internal.runners.statements.FailOnTimeout$1.run(FailOnTimeout.java:28)
